This is pdfTeX, Version 3.1415926-1.40.11 (MiKTeX 2.9) (preloaded format=pdflatex 2015.8.29)  17 OCT 2015 18:40
entering extended mode
**Bitirme.tex
("C:\Users\Kadir\Desktop\Formation Control\formation_control\latex\Bitirme.tex"
LaTeX2e <2009/09/24>
Babel <v3.8l> and hyphenation patterns for english, afrikaans, ancientgreek, ar
abic, armenian, assamese, basque, bengali, bokmal, bulgarian, catalan, coptic, 
croatian, czech, danish, dutch, esperanto, estonian, farsi, finnish, french, ga
lician, german, german-x-2009-06-19, greek, gujarati, hindi, hungarian, iceland
ic, indonesian, interlingua, irish, italian, kannada, kurmanji, lao, latin, lat
vian, lithuanian, malayalam, marathi, mongolian, mongolianlmc, monogreek, ngerm
an, ngerman-x-2009-06-19, nynorsk, oriya, panjabi, pinyin, polish, portuguese, 
romanian, russian, sanskrit, serbian, slovak, slovenian, spanish, swedish, swis
sgerman, tamil, telugu, turkish, turkmen, ukenglish, ukrainian, uppersorbian, u
senglishmax, welsh, loaded.
("C:\Program Files (x86)\MiKTeX 2.9\tex\latex\base\article.cls"
Document Class: article 2007/10/19 v1.4h Standard LaTeX document class
("C:\Program Files (x86)\MiKTeX 2.9\tex\latex\base\size10.clo"
File: size10.clo 2007/10/19 v1.4h Standard LaTeX file (size option)
)
\c@part=\count79
\c@section=\count80
\c@subsection=\count81
\c@subsubsection=\count82
\c@paragraph=\count83
\c@subparagraph=\count84
\c@figure=\count85
\c@table=\count86
\abovecaptionskip=\skip41
\belowcaptionskip=\skip42
\bibindent=\dimen102
)
("C:\Program Files (x86)\MiKTeX 2.9\tex\latex\algorithm2e\algorithm2e.sty"
Package: algorithm2e 2013/01/06 v5.00 algorithms environments
\c@AlgoLine=\count87

("C:\Program Files (x86)\MiKTeX 2.9\tex\latex\base\ifthen.sty"
Package: ifthen 2001/05/26 v1.1c Standard LaTeX ifthen package (DPC)
)
("C:\Program Files (x86)\MiKTeX 2.9\tex\latex\tools\xspace.sty"
Package: xspace 2006/05/08 v1.12 Space after command names (DPC,MH)
)
("C:\Program Files (x86)\MiKTeX 2.9\tex\latex\ltxmisc\relsize.sty"
Package: relsize 2003/07/04 ver 3.1
)
********************************************************
Package `algorithm2e' Release 5.0 -- january 06 2013 --
- algorithm2e-announce@lirmm.fr mailing list for announcement about releases
- algorithm2e-discussion@lirmm.fr mailing list for discussion about package
subscribe by emailing sympa@lirmm.fr with 'subscribe <list> <firstname name>'
- Author: Christophe Fiorio (cfiorio@um2.fr)
********************************************************
\skiptotal=\skip43
\skiplinenumber=\skip44
\skiprule=\skip45
\skiphlne=\skip46
\skiptext=\skip47
\skiplength=\skip48
\algomargin=\skip49
\skipalgocfslide=\skip50
\algowidth=\dimen103
\inoutsize=\dimen104
\inoutindent=\dimen105
\interspacetitleruled=\dimen106
\interspacealgoruled=\dimen107
\interspacetitleboxruled=\dimen108
\algocf@inoutbox=\box26
\algocf@inputbox=\box27
\AlCapSkip=\skip51
\AlCapHSkip=\skip52
\algoskipindent=\skip53
\algocf@nlbox=\box28
\algocf@hangingbox=\box29
\algocf@untilbox=\box30
\algocf@skipuntil=\skip54
\algocf@capbox=\box31
\algoheightruledefault=\skip55
\algoheightrule=\skip56
\algotitleheightruledefault=\skip57
\algotitleheightrule=\skip58
\c@algocfline=\count88
\c@algocfproc=\count89
\c@algocf=\count90
\algocf@algoframe=\box32
\algocf@algobox=\box33
) ("C:\Users\Kadir\Desktop\Formation Control\formation_control\latex\lipsum.sty
"
Package: lipsum 2011/04/14 v1.2 150 paragraphs of Lorem Ipsum dummy text
\c@lips@count=\count91
) ("C:\Program Files (x86)\MiKTeX 2.9\tex\latex\ams\math\amsmath.sty"
Package: amsmath 2000/07/18 v2.13 AMS math features
\@mathmargin=\skip59

For additional information on amsmath, use the `?' option.
("C:\Program Files (x86)\MiKTeX 2.9\tex\latex\ams\math\amstext.sty"
Package: amstext 2000/06/29 v2.01

("C:\Program Files (x86)\MiKTeX 2.9\tex\latex\ams\math\amsgen.sty"
File: amsgen.sty 1999/11/30 v2.0
\@emptytoks=\toks14
\ex@=\dimen109
))
("C:\Program Files (x86)\MiKTeX 2.9\tex\latex\ams\math\amsbsy.sty"
Package: amsbsy 1999/11/29 v1.2d
\pmbraise@=\dimen110
)
("C:\Program Files (x86)\MiKTeX 2.9\tex\latex\ams\math\amsopn.sty"
Package: amsopn 1999/12/14 v2.01 operator names
)
\inf@bad=\count92
LaTeX Info: Redefining \frac on input line 211.
\uproot@=\count93
\leftroot@=\count94
LaTeX Info: Redefining \overline on input line 307.
\classnum@=\count95
\DOTSCASE@=\count96
LaTeX Info: Redefining \ldots on input line 379.
LaTeX Info: Redefining \dots on input line 382.
LaTeX Info: Redefining \cdots on input line 467.
\Mathstrutbox@=\box34
\strutbox@=\box35
\big@size=\dimen111
LaTeX Font Info:    Redeclaring font encoding OML on input line 567.
LaTeX Font Info:    Redeclaring font encoding OMS on input line 568.
\macc@depth=\count97
\c@MaxMatrixCols=\count98
\dotsspace@=\muskip10
\c@parentequation=\count99
\dspbrk@lvl=\count100
\tag@help=\toks15
\row@=\count101
\column@=\count102
\maxfields@=\count103
\andhelp@=\toks16
\eqnshift@=\dimen112
\alignsep@=\dimen113
\tagshift@=\dimen114
\tagwidth@=\dimen115
\totwidth@=\dimen116
\lineht@=\dimen117
\@envbody=\toks17
\multlinegap=\skip60
\multlinetaggap=\skip61
\mathdisplay@stack=\toks18
LaTeX Info: Redefining \[ on input line 2666.
LaTeX Info: Redefining \] on input line 2667.
)
("C:\Program Files (x86)\MiKTeX 2.9\tex\latex\graphics\graphicx.sty"
Package: graphicx 1999/02/16 v1.0f Enhanced LaTeX Graphics (DPC,SPQR)

("C:\Program Files (x86)\MiKTeX 2.9\tex\latex\graphics\keyval.sty"
Package: keyval 1999/03/16 v1.13 key=value parser (DPC)
\KV@toks@=\toks19
)
("C:\Program Files (x86)\MiKTeX 2.9\tex\latex\graphics\graphics.sty"
Package: graphics 2009/02/05 v1.0o Standard LaTeX Graphics (DPC,SPQR)

("C:\Program Files (x86)\MiKTeX 2.9\tex\latex\graphics\trig.sty"
Package: trig 1999/03/16 v1.09 sin cos tan (DPC)
)
("C:\Program Files (x86)\MiKTeX 2.9\tex\latex\00miktex\graphics.cfg"
File: graphics.cfg 2007/01/18 v1.5 graphics configuration of teTeX/TeXLive
)
Package graphics Info: Driver file: pdftex.def on input line 91.

("C:\Program Files (x86)\MiKTeX 2.9\tex\latex\pdftex-def\pdftex.def"
File: pdftex.def 2010/09/14 v0.05b Graphics/color for pdfTeX
\Gread@gobject=\count104
))
\Gin@req@height=\dimen118
\Gin@req@width=\dimen119
)
("C:\Users\Kadir\Desktop\Formation Control\formation_control\latex\adjustbox.st
y"
Package: adjustbox 2012/05/21 v1.0 Adjusting TeX boxes (trim, clip, ...)
 ("C:\Program Files (x86)\MiKTeX 2.9\tex\latex\xkeyval\xkeyval.sty"
Package: xkeyval 2008/08/13 v2.6a package option processing (HA)

("C:\Program Files (x86)\MiKTeX 2.9\tex\generic\xkeyval\xkeyval.tex"
\XKV@toks=\toks20
\XKV@tempa@toks=\toks21
\XKV@depth=\count105
File: xkeyval.tex 2008/08/13 v2.6a key=value parser (HA)
))
("C:\Users\Kadir\Desktop\Formation Control\formation_control\latex\adjcalc.sty"
Package: adjcalc 2012/05/16 v1.1 Provides advanced setlength with multiple back
-ends (calc, etex, pgfmath)
)
("C:\Users\Kadir\Desktop\Formation Control\formation_control\latex\trimclip.sty
"
Package: trimclip 2012/05/16 v1.0 Trim and clip general TeX material

("C:\Users\Kadir\Desktop\Formation Control\formation_control\latex\collectbox.s
ty"
Package: collectbox 2012/05/17 v0.4b Collect macro arguments as boxes
\collectedbox=\box36
)
\tc@llx=\dimen120
\tc@lly=\dimen121
\tc@urx=\dimen122
\tc@ury=\dimen123
Package trimclip Info: Using driver 'tc-pdftex.def'.

("C:\Users\Kadir\Desktop\Formation Control\formation_control\latex\tc-pdftex.de
f"
File: tc-pdftex.def 2012/05/13 v1.0 Clipping driver for pdftex
))
\adjbox@Width=\dimen124
\adjbox@Height=\dimen125
\adjbox@Depth=\dimen126
\adjbox@Totalheight=\dimen127
 ("C:\Program Files (x86)\MiKTeX 2.9\tex\latex\ltxmisc\varwidth.sty"
Package: varwidth 2009/03/30 ver 0.92;  Variable-width minipages
\@vwid@box=\box37
\sift@deathcycles=\count106
\@vwid@loff=\dimen128
\@vwid@roff=\dimen129
))
("C:\Program Files (x86)\MiKTeX 2.9\tex\latex\psnfss\mathpazo.sty"
Package: mathpazo 2005/04/12 PSNFSS-v9.2a Palatino w/ Pazo Math (D.Puga, WaS) 
\symupright=\mathgroup4
)
("C:\Program Files (x86)\MiKTeX 2.9\tex\latex\base\fontenc.sty"
Package: fontenc 2005/09/27 v1.99g Standard LaTeX package

("C:\Program Files (x86)\MiKTeX 2.9\tex\latex\base\t1enc.def"
File: t1enc.def 2005/09/27 v1.99g Standard LaTeX file
LaTeX Font Info:    Redeclaring font encoding T1 on input line 43.
))
("C:\Program Files (x86)\MiKTeX 2.9\tex\latex\microtype\microtype.sty"
Package: microtype 2013/05/23 v2.5a Micro-typographical refinements (RS)
\MT@toks=\toks22
\MT@count=\count107
LaTeX Info: Redefining \textls on input line 766.
\MT@outer@kern=\dimen130
LaTeX Info: Redefining \textmicrotypecontext on input line 1285.
\MT@listname@count=\count108

("C:\Program Files (x86)\MiKTeX 2.9\tex\latex\microtype\microtype-pdftex.def"
File: microtype-pdftex.def 2013/05/23 v2.5a Definitions specific to pdftex (RS)

LaTeX Info: Redefining \lsstyle on input line 915.
LaTeX Info: Redefining \lslig on input line 915.
\MT@outer@space=\skip62
)
Package microtype Info: Loading configuration file microtype.cfg.

("C:\Program Files (x86)\MiKTeX 2.9\tex\latex\microtype\microtype.cfg"
File: microtype.cfg 2013/05/23 v2.5a microtype main configuration file (RS)
))
("C:\Program Files (x86)\MiKTeX 2.9\tex\latex\csquotes\csquotes.sty"
Package: csquotes 2015/07/18 v5.1f context-sensitive quotations (JAW)

("C:\Program Files (x86)\MiKTeX 2.9\tex\latex\etoolbox\etoolbox.sty"
Package: etoolbox 2015/08/02 v2.2a e-TeX tools for LaTeX (JAW)

("C:\Program Files (x86)\MiKTeX 2.9\tex\latex\misc\etex.sty"
Package: etex 1998/03/26 v2.0 eTeX basic definition package (PEB)
\et@xins=\count109
)
\etb@tempcnta=\count110
)
\csq@reset=\count111
\csq@gtype=\count112
\csq@glevel=\count113
\csq@qlevel=\count114
\csq@maxlvl=\count115
\csq@tshold=\count116
\csq@ltx@everypar=\toks23

("C:\Program Files (x86)\MiKTeX 2.9\tex\latex\csquotes\csquotes.def"
File: csquotes.def 2015/07/18 v5.1f csquotes generic definitions (JAW)
)
Package csquotes Info: Trying to load configuration file 'csquotes.cfg'...
Package csquotes Info: ... configuration file loaded successfully.

("C:\Program Files (x86)\MiKTeX 2.9\tex\latex\csquotes\csquotes.cfg"
File: csquotes.cfg 
))
("C:\Program Files (x86)\MiKTeX 2.9\tex\latex\algorithmicx\algpseudocode.sty"
Package: algpseudocode 

("C:\Program Files (x86)\MiKTeX 2.9\tex\latex\algorithmicx\algorithmicx.sty"
Package: algorithmicx 2005/04/27 v1.2 Algorithmicx

Document Style algorithmicx 1.2 - a greatly improved `algorithmic' style
\c@ALG@line=\count117
\c@ALG@rem=\count118
\c@ALG@nested=\count119
\ALG@tlm=\skip63
\ALG@thistlm=\skip64
\c@ALG@Lnr=\count120
\c@ALG@blocknr=\count121
\c@ALG@storecount=\count122
\c@ALG@tmpcounter=\count123
\ALG@tmplength=\skip65
)
Document Style - pseudocode environments for use with the `algorithmicx' style
) ("C:\Program Files (x86)\MiKTeX 2.9\tex\latex\geometry\geometry.sty"
Package: geometry 2010/09/12 v5.6 Page Geometry

("C:\Program Files (x86)\MiKTeX 2.9\tex\generic\oberdiek\ifpdf.sty"
Package: ifpdf 2010/01/28 v2.1 Provides the ifpdf switch (HO)
Package ifpdf Info: pdfTeX in pdf mode detected.
)
("C:\Program Files (x86)\MiKTeX 2.9\tex\generic\oberdiek\ifvtex.sty"
Package: ifvtex 2010/03/01 v1.5 Switches for detecting VTeX and its modes (HO)
Package ifvtex Info: VTeX not detected.
)
("C:\Program Files (x86)\MiKTeX 2.9\tex\generic\ifxetex\ifxetex.sty"
Package: ifxetex 2010/09/12 v0.6 Provides ifxetex conditional
)
\Gm@cnth=\count124
\Gm@cntv=\count125
\c@Gm@tempcnt=\count126
\Gm@bindingoffset=\dimen131
\Gm@wd@mp=\dimen132
\Gm@odd@mp=\dimen133
\Gm@even@mp=\dimen134
\Gm@layoutwidth=\dimen135
\Gm@layoutheight=\dimen136
\Gm@layouthoffset=\dimen137
\Gm@layoutvoffset=\dimen138
\Gm@dimlist=\toks24

("C:\Program Files (x86)\MiKTeX 2.9\tex\latex\geometry\geometry.cfg"))
("C:\Program Files (x86)\MiKTeX 2.9\tex\latex\tools\multicol.sty"
Package: multicol 2008/12/05 v1.6h multicolumn formatting (FMi)
\c@tracingmulticols=\count127
\mult@box=\box38
\multicol@leftmargin=\dimen139
\c@unbalance=\count128
\c@collectmore=\count129
\doublecol@number=\count130
\multicoltolerance=\count131
\multicolpretolerance=\count132
\full@width=\dimen140
\page@free=\dimen141
\premulticols=\dimen142
\postmulticols=\dimen143
\multicolsep=\skip66
\multicolbaselineskip=\skip67
\partial@page=\box39
\last@line=\box40
\mult@rightbox=\box41
\mult@grightbox=\box42
\mult@gfirstbox=\box43
\mult@firstbox=\box44
\@tempa=\box45
\@tempa=\box46
\@tempa=\box47
\@tempa=\box48
\@tempa=\box49
\@tempa=\box50
\@tempa=\box51
\@tempa=\box52
\@tempa=\box53
\@tempa=\box54
\@tempa=\box55
\@tempa=\box56
\@tempa=\box57
\@tempa=\box58
\@tempa=\box59
\@tempa=\box60
\@tempa=\box61
\c@columnbadness=\count133
\c@finalcolumnbadness=\count134
\last@try=\dimen144
\multicolovershoot=\dimen145
\multicolundershoot=\dimen146
\mult@nat@firstbox=\box62
\colbreak@box=\box63
)
("C:\Program Files (x86)\MiKTeX 2.9\tex\latex\caption\caption.sty"
Package: caption 2013/05/02 v3.3-89 Customizing captions (AR)

("C:\Program Files (x86)\MiKTeX 2.9\tex\latex\caption\caption3.sty"
Package: caption3 2013/05/02 v1.6-88 caption3 kernel (AR)
Package caption3 Info: TeX engine: e-TeX on input line 57.
\captionmargin=\dimen147
\captionmargin@=\dimen148
\captionwidth=\dimen149
\caption@tempdima=\dimen150
\caption@indent=\dimen151
\caption@parindent=\dimen152
\caption@hangindent=\dimen153
)
\c@ContinuedFloat=\count135
)
("C:\Program Files (x86)\MiKTeX 2.9\tex\latex\booktabs\booktabs.sty"
Package: booktabs 2005/04/14 v1.61803 publication quality tables
\heavyrulewidth=\dimen154
\lightrulewidth=\dimen155
\cmidrulewidth=\dimen156
\belowrulesep=\dimen157
\belowbottomsep=\dimen158
\aboverulesep=\dimen159
\abovetopsep=\dimen160
\cmidrulesep=\dimen161
\cmidrulekern=\dimen162
\defaultaddspace=\dimen163
\@cmidla=\count136
\@cmidlb=\count137
\@aboverulesep=\dimen164
\@belowrulesep=\dimen165
\@thisruleclass=\count138
\@lastruleclass=\count139
\@thisrulewidth=\dimen166
)
("C:\Program Files (x86)\MiKTeX 2.9\tex\latex\float\float.sty"
Package: float 2001/11/08 v1.3d Float enhancements (AL)
\c@float@type=\count140
\float@exts=\toks25
\float@box=\box64
\@float@everytoks=\toks26
\@floatcapt=\box65
)
("C:\Program Files (x86)\MiKTeX 2.9\tex\latex\hyperref\hyperref.sty"
Package: hyperref 2010/10/30 v6.81t Hypertext links for LaTeX

("C:\Program Files (x86)\MiKTeX 2.9\tex\generic\oberdiek\ltxcmds.sty"
Package: ltxcmds 2010/04/26 v1.7 LaTeX kernel commands for general use (HO)
)
("C:\Program Files (x86)\MiKTeX 2.9\tex\generic\oberdiek\infwarerr.sty"
Package: infwarerr 2010/04/08 v1.3 Providing info/warning/message (HO)
)
("C:\Program Files (x86)\MiKTeX 2.9\tex\generic\oberdiek\kvsetkeys.sty"
Package: kvsetkeys 2010/03/01 v1.9 Key value parser (HO)

("C:\Program Files (x86)\MiKTeX 2.9\tex\generic\oberdiek\etexcmds.sty"
Package: etexcmds 2010/01/28 v1.3 Prefix for e-TeX command names (HO)
Package etexcmds Info: Could not find \expanded.
(etexcmds)             That can mean that you are not using pdfTeX 1.50 or
(etexcmds)             that some package has redefined \expanded.
(etexcmds)             In the latter case, load this package earlier.
))
("C:\Program Files (x86)\MiKTeX 2.9\tex\generic\oberdiek\pdfescape.sty"
Package: pdfescape 2010/03/01 v1.9 Provides hex, PDF name and string conversion
s (HO)

("C:\Program Files (x86)\MiKTeX 2.9\tex\generic\oberdiek\pdftexcmds.sty"
Package: pdftexcmds 2010/04/01 v0.9 Utility functions of pdfTeX for LuaTeX (HO)


("C:\Program Files (x86)\MiKTeX 2.9\tex\generic\oberdiek\ifluatex.sty"
Package: ifluatex 2010/03/01 v1.3 Provides the ifluatex switch (HO)
Package ifluatex Info: LuaTeX not detected.
)
Package pdftexcmds Info: LuaTeX not detected.
Package pdftexcmds Info: \pdf@primitive is available.
Package pdftexcmds Info: \pdf@ifprimitive is available.
))
("C:\Program Files (x86)\MiKTeX 2.9\tex\latex\oberdiek\hycolor.sty"
Package: hycolor 2009/12/12 v1.6 Color options of hyperref/bookmark (HO)

("C:\Program Files (x86)\MiKTeX 2.9\tex\latex\oberdiek\xcolor-patch.sty"
Package: xcolor-patch 2009/12/12 xcolor patch
))
("C:\Program Files (x86)\MiKTeX 2.9\tex\latex\oberdiek\letltxmacro.sty"
Package: letltxmacro 2008/06/24 v1.3 Let assignment for LaTeX macros (HO)
)
("C:\Program Files (x86)\MiKTeX 2.9\tex\latex\oberdiek\kvoptions.sty"
Package: kvoptions 2010/02/22 v3.7 Keyval support for LaTeX options (HO)
)
\@linkdim=\dimen167
\Hy@linkcounter=\count141
\Hy@pagecounter=\count142

("C:\Program Files (x86)\MiKTeX 2.9\tex\latex\hyperref\pd1enc.def"
File: pd1enc.def 2010/10/30 v6.81t Hyperref: PDFDocEncoding definition (HO)
)
("C:\Program Files (x86)\MiKTeX 2.9\tex\generic\oberdiek\intcalc.sty"
Package: intcalc 2007/09/27 v1.1 Expandable integer calculations (HO)
)
\Hy@SavedSpaceFactor=\count143

("C:\Program Files (x86)\MiKTeX 2.9\tex\latex\00miktex\hyperref.cfg"
File: hyperref.cfg 2002/06/06 v1.2 hyperref configuration of TeXLive
)
Package hyperref Info: Hyper figures OFF on input line 3976.
Package hyperref Info: Link nesting OFF on input line 3981.
Package hyperref Info: Hyper index ON on input line 3984.
Package hyperref Info: Plain pages OFF on input line 3991.
Package hyperref Info: Backreferencing OFF on input line 3996.
Package hyperref Info: Implicit mode ON; LaTeX internals redefined.
Package hyperref Info: Bookmarks ON on input line 4211.
\c@Hy@tempcnt=\count144

("C:\Program Files (x86)\MiKTeX 2.9\tex\latex\ltxmisc\url.sty"
\Urlmuskip=\muskip11
Package: url 2006/04/12  ver 3.3  Verb mode for urls, etc.
)
LaTeX Info: Redefining \url on input line 4566.

("C:\Program Files (x86)\MiKTeX 2.9\tex\generic\oberdiek\bitset.sty"
Package: bitset 2007/09/28 v1.0 Data type bit set (HO)

("C:\Program Files (x86)\MiKTeX 2.9\tex\generic\oberdiek\bigintcalc.sty"
Package: bigintcalc 2007/11/11 v1.1 Expandable big integer calculations (HO)
))
\Fld@menulength=\count145
\Field@Width=\dimen168
\Fld@charsize=\dimen169
Package hyperref Info: Hyper figures OFF on input line 5626.
Package hyperref Info: Link nesting OFF on input line 5631.
Package hyperref Info: Hyper index ON on input line 5634.
Package hyperref Info: backreferencing OFF on input line 5641.
Package hyperref Info: Link coloring OFF on input line 5646.
Package hyperref Info: Link coloring with OCG OFF on input line 5651.
Package hyperref Info: PDF/A mode OFF on input line 5656.
LaTeX Info: Redefining \ref on input line 5696.
LaTeX Info: Redefining \pageref on input line 5700.

("C:\Program Files (x86)\MiKTeX 2.9\tex\generic\oberdiek\atbegshi.sty"
Package: atbegshi 2010/03/25 v1.12 At begin shipout hook (HO)
)
\Hy@abspage=\count146
\c@Item=\count147
\c@Hfootnote=\count148
)

Package hyperref Message: Driver (autodetected): hpdftex.

("C:\Program Files (x86)\MiKTeX 2.9\tex\latex\hyperref\hpdftex.def"
File: hpdftex.def 2010/10/30 v6.81t Hyperref driver for pdfTeX

("C:\Program Files (x86)\MiKTeX 2.9\tex\latex\oberdiek\atveryend.sty"
Package: atveryend 2010/03/24 v1.5 Hooks at very end of document (HO)
)
\Fld@listcount=\count149
\c@bookmark@seq@number=\count150

("C:\Program Files (x86)\MiKTeX 2.9\tex\latex\oberdiek\rerunfilecheck.sty"
Package: rerunfilecheck 2010/03/16 v1.6 Rerun checks for auxiliary files (HO)

("C:\Program Files (x86)\MiKTeX 2.9\tex\generic\oberdiek\uniquecounter.sty"
Package: uniquecounter 2009/12/18 v1.1 Provides unlimited unique counter (HO)
)
Package uniquecounter Info: New unique counter `rerunfilecheck' on input line 2
71.
)
\Hy@SectionHShift=\skip68
)
("C:\Program Files (x86)\MiKTeX 2.9\tex\latex\lettrine\lettrine.sty"
File: lettrine.sty 2015/02/16 v1.8 (Daniel Flipo)
\c@DefaultLines=\count151
\c@DefaultDepth=\count152
\DefaultFindent=\dimen170
\DefaultNindent=\dimen171
\DefaultSlope=\dimen172
\DiscardVskip=\dimen173
\L@lbox=\box66
\L@tbox=\box67
\c@L@lines=\count153
\c@L@depth=\count154
\L@Pindent=\dimen174
\L@Findent=\dimen175
\L@Nindent=\dimen176
\L@lraise=\dimen177
\L@first=\dimen178
\L@next=\dimen179
\L@slope=\dimen180
\L@height=\dimen181
\L@novskip=\dimen182
\LettrineWidth=\dimen183
\LettrineHeight=\dimen184
\LettrineDepth=\dimen185

Loading lettrine.cfg
("C:\Program Files (x86)\MiKTeX 2.9\tex\latex\lettrine\lettrine.cfg"))
("C:\Program Files (x86)\MiKTeX 2.9\tex\latex\paralist\paralist.sty"
Package: paralist 2013/06/09 v2.4 Extended list environments
\pltopsep=\skip69
\plpartopsep=\skip70
\plitemsep=\skip71
\plparsep=\skip72
\pl@lab=\toks27
)
("C:\Program Files (x86)\MiKTeX 2.9\tex\latex\abstract\abstract.sty"
Package: abstract 2009/06/08 v1.2a configurable abstracts
\abstitleskip=\skip73
\absleftindent=\skip74
\absrightindent=\skip75
\absparindent=\skip76
\absparsep=\skip77
)
("C:\Program Files (x86)\MiKTeX 2.9\tex\latex\titlesec\titlesec.sty"
Package: titlesec 2011/12/15 v2.10.0 Sectioning titles
\ttl@box=\box68
\beforetitleunit=\skip78
\aftertitleunit=\skip79
\ttl@plus=\dimen186
\ttl@minus=\dimen187
\ttl@toksa=\toks28
\titlewidth=\dimen188
\titlewidthlast=\dimen189
\titlewidthfirst=\dimen190
)
("C:\Program Files (x86)\MiKTeX 2.9\tex\latex\titlesec\block.tss"
File: block.tss 2011/12/15
)
("C:\Program Files (x86)\MiKTeX 2.9\tex\latex\fancyhdr\fancyhdr.sty"
\fancy@headwidth=\skip80
\f@ncyO@elh=\skip81
\f@ncyO@erh=\skip82
\f@ncyO@olh=\skip83
\f@ncyO@orh=\skip84
\f@ncyO@elf=\skip85
\f@ncyO@erf=\skip86
\f@ncyO@olf=\skip87
\f@ncyO@orf=\skip88
)
Package csquotes Info: Checking for multilingual support...
Package csquotes Info: ... none found.

("C:\Users\Kadir\Desktop\Formation Control\formation_control\latex\Bitirme.aux"

LaTeX Warning: Label `tab:title' multiply defined.


LaTeX Warning: Label `tab:title' multiply defined.


LaTeX Warning: Label `tab:title' multiply defined.


LaTeX Warning: Label `tab:title' multiply defined.


LaTeX Warning: Label `tab:title' multiply defined.


LaTeX Warning: Label `tab:title' multiply defined.


LaTeX Warning: Label `tab:title' multiply defined.


LaTeX Warning: Label `tab:title' multiply defined.


LaTeX Warning: Label `tab:title' multiply defined.


LaTeX Warning: Label `tab:title' multiply defined.

)
LaTeX Font Info:    Checking defaults for OML/cmm/m/it on input line 85.
LaTeX Font Info:    ... okay on input line 85.
LaTeX Font Info:    Checking defaults for T1/cmr/m/n on input line 85.
LaTeX Font Info:    ... okay on input line 85.
LaTeX Font Info:    Checking defaults for OT1/cmr/m/n on input line 85.
LaTeX Font Info:    ... okay on input line 85.
LaTeX Font Info:    Checking defaults for OMS/cmsy/m/n on input line 85.
LaTeX Font Info:    ... okay on input line 85.
LaTeX Font Info:    Checking defaults for OMX/cmex/m/n on input line 85.
LaTeX Font Info:    ... okay on input line 85.
LaTeX Font Info:    Checking defaults for U/cmr/m/n on input line 85.
LaTeX Font Info:    ... okay on input line 85.
LaTeX Font Info:    Checking defaults for PD1/pdf/m/n on input line 85.
LaTeX Font Info:    ... okay on input line 85.
LaTeX Font Info:    Try loading font information for T1+pplx on input line 85.
 ("C:\Program Files (x86)\MiKTeX 2.9\tex\latex\psnfss\t1pplx.fd"
File: t1pplx.fd 2004/09/06 font definitions for T1/pplx.
)
("C:\Program Files (x86)\MiKTeX 2.9\tex\context\base\supp-pdf.mkii"
[Loading MPS to PDF converter (version 2006.09.02).]
\scratchcounter=\count155
\scratchdimen=\dimen191
\scratchbox=\box69
\nofMPsegments=\count156
\nofMParguments=\count157
\everyMPshowfont=\toks29
\MPscratchCnt=\count158
\MPscratchDim=\dimen192
\MPnumerator=\count159
\makeMPintoPDFobject=\count160
\everyMPtoPDFconversion=\toks30
)
LaTeX Info: Redefining \microtypecontext on input line 85.
Package microtype Info: Generating PDF output.
Package microtype Info: Character protrusion enabled (level 2).
Package microtype Info: Using default protrusion set `alltext'.
Package microtype Info: Automatic font expansion enabled (level 2),
(microtype)             stretch: 20, shrink: 20, step: 1, non-selected.
Package microtype Info: Using default expansion set `basictext'.
Package microtype Info: No adjustment of tracking.
Package microtype Info: No adjustment of interword spacing.
Package microtype Info: No adjustment of character kerning.
 ("C:\Program Files (x86)\MiKTeX 2.9\tex\latex\microtype\mt-ppl.cfg"
File: mt-ppl.cfg 2005/11/16 v1.6 microtype config. file: Palatino (RS)
)
*geometry* driver: auto-detecting
*geometry* detected driver: pdftex
*geometry* verbose mode - [ preamble ] result:
* driver: pdftex
* paper: <default>
* layout: <same size as paper>
* layoutoffset:(h,v)=(0.0pt,0.0pt)
* hratio: 1:1
* modes: twoside 
* h-part:(L,W,R)=(92.14519pt, 430.00462pt, 92.14519pt)
* v-part:(T,H,B)=(91.04881pt, 608.5238pt, 95.39737pt)
* \paperwidth=614.295pt
* \paperheight=794.96999pt
* \textwidth=430.00462pt
* \textheight=608.5238pt
* \oddsidemargin=19.8752pt
* \evensidemargin=19.8752pt
* \topmargin=-18.22118pt
* \headheight=12.0pt
* \headsep=25.0pt
* \topskip=10.0pt
* \footskip=30.0pt
* \marginparwidth=121.0pt
* \marginparsep=11.0pt
* \columnsep=20.0pt
* \skip\footins=9.0pt plus 4.0pt minus 2.0pt
* \hoffset=0.0pt
* \voffset=0.0pt
* \mag=1000
* \@twocolumnfalse
* \@twosidetrue
* \@mparswitchtrue
* \@reversemarginfalse
* (1in=72.27pt=25.4mm, 1cm=28.453pt)

Package caption Info: Begin \AtBeginDocument code.
Package caption Info: float package is loaded.
Package caption Info: hyperref package is loaded.
Package caption Info: End \AtBeginDocument code.
\AtBeginShipoutBox=\box70
Package hyperref Info: Link coloring OFF on input line 85.
("C:\Program Files (x86)\MiKTeX 2.9\tex\latex\hyperref\nameref.sty"
Package: nameref 2010/04/30 v2.40 Cross-referencing by name of section

("C:\Program Files (x86)\MiKTeX 2.9\tex\latex\oberdiek\refcount.sty"
Package: refcount 2008/08/11 v3.1 Data extraction from references (HO)
)
("C:\Program Files (x86)\MiKTeX 2.9\tex\generic\oberdiek\gettitlestring.sty"
Package: gettitlestring 2009/12/18 v1.3 Cleanup title references (HO)
)
\c@section@level=\count161
)
LaTeX Info: Redefining \ref on input line 85.
LaTeX Info: Redefining \pageref on input line 85.
LaTeX Info: Redefining \nameref on input line 85.

("C:\Users\Kadir\Desktop\Formation Control\formation_control\latex\Bitirme.out"
) ("C:\Users\Kadir\Desktop\Formation Control\formation_control\latex\Bitirme.ou
t")
\@outlinefile=\write3
LaTeX Font Info:    Font shape `T1/pplx/bx/n' in size <24> not available
(Font)              Font shape `T1/pplx/b/n' tried instead on input line 88.
LaTeX Font Info:    Try loading font information for OT1+pplx on input line 88.

 ("C:\Program Files (x86)\MiKTeX 2.9\tex\latex\psnfss\ot1pplx.fd"
File: ot1pplx.fd 2004/09/06 font definitions for OT1/pplx.
)
LaTeX Font Info:    Try loading font information for OML+zplm on input line 88.


("C:\Program Files (x86)\MiKTeX 2.9\tex\latex\psnfss\omlzplm.fd"
File: omlzplm.fd 2002/09/08 Fontinst v1.914 font definitions for OML/zplm.
)
LaTeX Font Info:    Try loading font information for OMS+zplm on input line 88.


("C:\Program Files (x86)\MiKTeX 2.9\tex\latex\psnfss\omszplm.fd"
File: omszplm.fd 2002/09/08 Fontinst v1.914 font definitions for OMS/zplm.
)
LaTeX Font Info:    Try loading font information for OMX+zplm on input line 88.


("C:\Program Files (x86)\MiKTeX 2.9\tex\latex\psnfss\omxzplm.fd"
File: omxzplm.fd 2002/09/08 Fontinst v1.914 font definitions for OMX/zplm.
)
LaTeX Font Info:    Try loading font information for OT1+zplm on input line 88.


("C:\Program Files (x86)\MiKTeX 2.9\tex\latex\psnfss\ot1zplm.fd"
File: ot1zplm.fd 2002/09/08 Fontinst v1.914 font definitions for OT1/zplm.
)
Package microtype Info: Loading generic settings for font family
(microtype)             `zplm' (encoding: OT1).
(microtype)             For optimal results, create family-specific settings.
(microtype)             See the microtype manual for details.
Package microtype Info: Character `029' is missing
(microtype)             in font `T1/pplx/m/sc/12'.
(microtype)             Ignoring protrusion settings for this character.
LaTeX Font Info:    Font shape `T1/pplx/bx/n' in size <10> not available
(Font)              Font shape `T1/pplx/b/n' tried instead on input line 95.
 [1{C:/ProgramData/MiKTeX/2.9/pdftex/config/pdftex.map}

] [2]
LaTeX Font Info:    Try loading font information for U+fplmbb on input line 260
.

("C:\Program Files (x86)\MiKTeX 2.9\tex\latex\psnfss\ufplmbb.fd"
File: ufplmbb.fd 2003/10/30 Fontinst v1.914 font definitions for U/fplmbb.
) [3] [4]
[5] [6] [7] [8] [9] [10] [11] [12] [13] [14] [15] [16] [17] [18] [19]
Underfull \vbox (badness 10000) has occurred while \output is active []

 [20]
[21]
LaTeX Font Info:    Font shape `T1/pplx/bx/n' in size <9> not available
(Font)              Font shape `T1/pplx/b/n' tried instead on input line 1108.
 <Forbidden.png, id=366, 222.8325pt x 249.93375pt>
File: Forbidden.png Graphic file (type png)
 <use Forbidden.png>

Package hyperref Warning: Token not allowed in a PDF string (PDFDocEncoding):
(hyperref)                removing `math shift' on input line 1115.


Package hyperref Warning: Token not allowed in a PDF string (PDFDocEncoding):
(hyperref)                removing `math shift' on input line 1115.

[22 <C:/Users/Kadir/Desktop/Formation Control/formation_control/latex/Forbidden
.png (PNG copy)>] <shortest.png, id=374, 267.24844pt x 251.43938pt>
File: shortest.png Graphic file (type png)

<use shortest.png> [23 <C:/Users/Kadir/Desktop/Formation Control/formation_cont
rol/latex/shortest.png (PNG copy)>]
<bipartite.png, id=384, 213.04594pt x 359.84438pt>
File: bipartite.png Graphic file (type png)
 <use bipartite.png>
Underfull \vbox (badness 10000) has occurred while \output is active []

 [24]
Underfull \vbox (badness 10000) has occurred while \output is active []

 [25 <C:/Users/Kadir/Desktop/Formation Control/formation_control/latex/bipartit
e.png (PNG copy)>] [26] [27] <Clusters_Ranks_1.jpg, id=411, 1189.44376pt x 579.
16376pt>
File: Clusters_Ranks_1.jpg Graphic file (type jpg)

<use Clusters_Ranks_1.jpg> [28 <C:/Users/Kadir/Desktop/Formation Control/format
ion_control/latex/Clusters_Ranks_1.jpg>]
<Rank_vs_Error.jpg, id=417, 1189.44376pt x 579.16376pt>
File: Rank_vs_Error.jpg Graphic file (type jpg)

<use Rank_vs_Error.jpg>
<Error-0,5Prop-3Update.jpg, id=418, 1189.44376pt x 387.4475pt>
File: Error-0,5Prop-3Update.jpg Graphic file (type jpg)

<use Error-0,5Prop-3Update.jpg>
Underfull \vbox (badness 10000) has occurred while \output is active []

 [29 <C:/Users/Kadir/Desktop/Formation Control/formation_control/latex/Rank_vs_
Error.jpg>] <Error-0,5Prop-5Update.jpg, id=424, 1189.44376pt x 387.4475pt>
File: Error-0,5Prop-5Update.jpg Graphic file (type jpg)

<use Error-0,5Prop-5Update.jpg>
<Error-0,5Prop-8Update.jpg, id=425, 1189.44376pt x 387.4475pt>
File: Error-0,5Prop-8Update.jpg Graphic file (type jpg)

<use Error-0,5Prop-8Update.jpg> [30 <C:/Users/Kadir/Desktop/Formation Control/f
ormation_control/latex/Error-0,5Prop-3Update.jpg> <C:/Users/Kadir/Desktop/Forma
tion Control/formation_control/latex/Error-0,5Prop-5Update.jpg> <C:/Users/Kadir
/Desktop/Formation Control/formation_control/latex/Error-0,5Prop-8Update.jpg>]
<Pozisyon-1_Hatali.jpeg, id=433, 1534.73375pt x 846.16125pt>
File: Pozisyon-1_Hatali.jpeg Graphic file (type jpg)

<use Pozisyon-1_Hatali.jpeg>
<Pozisyon-1-Duzeltilmis.jpeg, id=434, 1587.9325pt x 869.2475pt>
File: Pozisyon-1-Duzeltilmis.jpeg Graphic file (type jpg)

<use Pozisyon-1-Duzeltilmis.jpeg>
Underfull \vbox (badness 10000) has occurred while \output is active []

 [31 <C:/Users/Kadir/Desktop/Formation Control/formation_control/latex/Pozisyon
-1_Hatali.jpeg>] <Lost-2-2.jpeg, id=441, 1619.04875pt x 877.2775pt>
File: Lost-2-2.jpeg Graphic file (type jpg)
 <use Lost-2-2.jpeg>
Underfull \vbox (badness 10000) has occurred while \output is active []

 [32 <C:/Users/Kadir/Desktop/Formation Control/formation_control/latex/Pozisyon
-1-Duzeltilmis.jpeg>] <Lost-2-3.jpeg, id=447, 1604.99625pt x 879.285pt>
File: Lost-2-3.jpeg Graphic file (type jpg)

<use Lost-2-3.jpeg>
Underfull \vbox (badness 3792) has occurred while \output is active []

 [33 <C:/Users/Kadir/Desktop/Formation Control/formation_control/latex/Lost-2-2
.jpeg> <C:/Users/Kadir/Desktop/Formation Control/formation_control/latex/Lost-2
-3.jpeg>]
<Artificial_Forces_Mesh_1.png, id=454, 592.46344pt x 215.30438pt>
File: Artificial_Forces_Mesh_1.png Graphic file (type png)

<use Artificial_Forces_Mesh_1.png>
<Artificial_Forces_Mesh_2.png, id=456, 679.03688pt x 192.72pt>
File: Artificial_Forces_Mesh_2.png Graphic file (type png)

<use Artificial_Forces_Mesh_2.png>
<Bubble_Packing_Mesh_1.png, id=457, 679.03688pt x 192.72pt>
File: Bubble_Packing_Mesh_1.png Graphic file (type png)

<use Bubble_Packing_Mesh_1.png>
<Bubble_Packing_Mesh_2.png, id=458, 679.03688pt x 192.72pt>
File: Bubble_Packing_Mesh_2.png Graphic file (type png)

<use Bubble_Packing_Mesh_2.png>
Underfull \vbox (badness 10000) has occurred while \output is active []

 [34 <C:/Users/Kadir/Desktop/Formation Control/formation_control/latex/Artifici
al_Forces_Mesh_1.png> <C:/Users/Kadir/Desktop/Formation Control/formation_contr
ol/latex/Artificial_Forces_Mesh_2.png>]
<Randomized_Fractals_Mesh_1.png, id=467, 679.03688pt x 192.72pt>
File: Randomized_Fractals_Mesh_1.png Graphic file (type png)

<use Randomized_Fractals_Mesh_1.png>
<Randomized_Fractals_Mesh_2.png, id=468, 679.03688pt x 192.72pt>
File: Randomized_Fractals_Mesh_2.png Graphic file (type png)

<use Randomized_Fractals_Mesh_2.png>
Underfull \vbox (badness 10000) has occurred while \output is active []

 [35 <C:/Users/Kadir/Desktop/Formation Control/formation_control/latex/Bubble_P
acking_Mesh_1.png> <C:/Users/Kadir/Desktop/Formation Control/formation_control/
latex/Bubble_Packing_Mesh_2.png> <C:/Users/Kadir/Desktop/Formation Control/form
ation_control/latex/Randomized_Fractals_Mesh_1.png>]
<Topological_Irr_1.png, id=479, 1265.47781pt x 715.17188pt>
File: Topological_Irr_1.png Graphic file (type png)

<use Topological_Irr_1.png>
Underfull \vbox (badness 10000) has occurred while \output is active []

 [36 <C:/Users/Kadir/Desktop/Formation Control/formation_control/latex/Randomiz
ed_Fractals_Mesh_2.png>] <Geometrical_Irr_1.png, id=486, 1265.47781pt x 715.171
88pt>
File: Geometrical_Irr_1.png Graphic file (type png)

<use Geometrical_Irr_1.png>
Underfull \vbox (badness 10000) has occurred while \output is active []

 [37 <C:/Users/Kadir/Desktop/Formation Control/formation_control/latex/Topologi
cal_Irr_1.png (PNG copy)>] <Topological_Irr_2.png, id=493, 1265.47781pt x 715.1
7188pt>
File: Topological_Irr_2.png Graphic file (type png)

<use Topological_Irr_2.png>
Underfull \vbox (badness 10000) has occurred while \output is active []

 [38 <C:/Users/Kadir/Desktop/Formation Control/formation_control/latex/Geometri
cal_Irr_1.png (PNG copy)>] <Geometrical_Irr_2.png, id=499, 1265.47781pt x 715.1
7188pt>
File: Geometrical_Irr_2.png Graphic file (type png)

<use Geometrical_Irr_2.png>
Underfull \vbox (badness 10000) has occurred while \output is active []

 [39 <C:/Users/Kadir/Desktop/Formation Control/formation_control/latex/Topologi
cal_Irr_2.png (PNG copy)>]
<Trajectories_Formation_Shape_1_2.png, id=505, 1063.72406pt x 661.72218pt>
File: Trajectories_Formation_Shape_1_2.png Graphic file (type png)

<use Trajectories_Formation_Shape_1_2.png>
Underfull \vbox (badness 10000) has occurred while \output is active []

 [40 <C:/Users/Kadir/Desktop/Formation Control/formation_control/latex/Geometri
cal_Irr_2.png (PNG copy)>]
<Trajectories_Formation_Shape_1_1.png, id=511, 1223.32031pt x 712.91344pt>
File: Trajectories_Formation_Shape_1_1.png Graphic file (type png)

<use Trajectories_Formation_Shape_1_1.png>
Underfull \vbox (badness 10000) has occurred while \output is active []

 [41 <C:/Users/Kadir/Desktop/Formation Control/formation_control/latex/Trajecto
ries_Formation_Shape_1_2.png (PNG copy)>]
<Aritificial_Trajecories_1.png, id=517, 1265.47781pt x 715.17188pt>
File: Aritificial_Trajecories_1.png Graphic file (type png)

<use Aritificial_Trajecories_1.png>
<Bubble_Trajectories_1.png, id=518, 1265.47781pt x 715.17188pt>
File: Bubble_Trajectories_1.png Graphic file (type png)

<use Bubble_Trajectories_1.png>
Underfull \vbox (badness 10000) has occurred while \output is active []

 [42 <C:/Users/Kadir/Desktop/Formation Control/formation_control/latex/Trajecto
ries_Formation_Shape_1_1.png (PNG copy)> <C:/Users/Kadir/Desktop/Formation Cont
rol/formation_control/latex/Aritificial_Trajecories_1.png (PNG copy)>]
<Randomized_Trajectories_1.png, id=525, 1265.47781pt x 715.17188pt>
File: Randomized_Trajectories_1.png Graphic file (type png)

<use Randomized_Trajectories_1.png> [43 <C:/Users/Kadir/Desktop/Formation Contr
ol/formation_control/latex/Bubble_Trajectories_1.png (PNG copy)> <C:/Users/Kadi
r/Desktop/Formation Control/formation_control/latex/Randomized_Trajectories_1.p
ng (PNG copy)>] <Total_Energy_Shape_1.png, id=533, 1265.47781pt x 715.17188pt>
File: Total_Energy_Shape_1.png Graphic file (type png)

<use Total_Energy_Shape_1.png>
<Trajectories_Formation_Shape_2_2.png, id=534, 1045.65656pt x 658.71094pt>
File: Trajectories_Formation_Shape_2_2.png Graphic file (type png)

<use Trajectories_Formation_Shape_2_2.png>
Underfull \vbox (badness 10000) has occurred while \output is active []

 [44 <C:/Users/Kadir/Desktop/Formation Control/formation_control/latex/Total_En
ergy_Shape_1.png (PNG copy)>]
<Trajectories_Formation_Shape_2_1.png, id=540, 1215.79219pt x 708.39656pt>
File: Trajectories_Formation_Shape_2_1.png Graphic file (type png)

<use Trajectories_Formation_Shape_2_1.png>
<Artificial_Trajectories_2.png, id=541, 1265.47781pt x 715.17188pt>
File: Artificial_Trajectories_2.png Graphic file (type png)

<use Artificial_Trajectories_2.png>
Underfull \vbox (badness 10000) has occurred while \output is active []

 [45 <C:/Users/Kadir/Desktop/Formation Control/formation_control/latex/Trajecto
ries_Formation_Shape_2_2.png> <C:/Users/Kadir/Desktop/Formation Control/formati
on_control/latex/Trajectories_Formation_Shape_2_1.png (PNG copy)>]
<Bubble_Trajectories_2.png, id=549, 1265.47781pt x 715.17188pt>
File: Bubble_Trajectories_2.png Graphic file (type png)

<use Bubble_Trajectories_2.png>
<Randomized_Trajectories_2.png, id=550, 1265.47781pt x 715.17188pt>
File: Randomized_Trajectories_2.png Graphic file (type png)

<use Randomized_Trajectories_2.png>
Underfull \vbox (badness 10000) has occurred while \output is active []

 [46 <C:/Users/Kadir/Desktop/Formation Control/formation_control/latex/Artifici
al_Trajectories_2.png (PNG copy)> <C:/Users/Kadir/Desktop/Formation Control/for
mation_control/latex/Bubble_Trajectories_2.png (PNG copy)>]
<Total_Energy_Shape_2.png, id=557, 1265.47781pt x 715.17188pt>
File: Total_Energy_Shape_2.png Graphic file (type png)

<use Total_Energy_Shape_2.png>
Underfull \vbox (badness 10000) has occurred while \output is active []

 [47 <C:/Users/Kadir/Desktop/Formation Control/formation_control/latex/Randomiz
ed_Trajectories_2.png (PNG copy)> <C:/Users/Kadir/Desktop/Formation Control/for
mation_control/latex/Total_Energy_Shape_2.png (PNG copy)>]
<Total_Time_Shape_1.png, id=564, 1265.47781pt x 715.17188pt>
File: Total_Time_Shape_1.png Graphic file (type png)

<use Total_Time_Shape_1.png>
<Total_Time_Shape_2.png, id=565, 1265.47781pt x 715.17188pt>
File: Total_Time_Shape_2.png Graphic file (type png)

<use Total_Time_Shape_2.png>
Underfull \vbox (badness 10000) has occurred while \output is active []

 [48 <C:/Users/Kadir/Desktop/Formation Control/formation_control/latex/Total_Ti
me_Shape_1.png (PNG copy)>]

Package caption Warning: The option `hypcap=true' will be ignored for this
(caption)                particular \caption on input line 1549.
See the caption package documentation for explanation.

[49 <C:/Users/Kadir/Desktop/Formation Control/formation_control/latex/Total_Tim
e_Shape_2.png (PNG copy)>] <1_Gazebo.png, id=579, 1215.79219pt x 706.89093pt>
File: 1_Gazebo.png Graphic file (type png)

<use 1_Gazebo.png> <1.png, id=580, 1265.47781pt x 715.17188pt>
File: 1.png Graphic file (type png)
 <use 1.png>
Underfull \vbox (badness 10000) has occurred while \output is active []

 [50 <C:/Users/Kadir/Desktop/Formation Control/formation_control/latex/1_Gazebo
.png (PNG copy)>]

Package caption Warning: The option `hypcap=true' will be ignored for this
(caption)                particular \caption on input line 1579.
See the caption package documentation for explanation.


Overfull \hbox (96.7154pt too wide) in paragraph at lines 1580--1588
 [] 
 []

<2_Gazebo.png, id=586, 1214.28656pt x 703.87968pt>
File: 2_Gazebo.png Graphic file (type png)
 <use 2_Gazebo.png>
Underfull \vbox (badness 10000) has occurred while \output is active []

 [51 <C:/Users/Kadir/Desktop/Formation Control/formation_control/latex/1.png (P
NG copy)>]
<2.png, id=593, 1265.47781pt x 715.17188pt>
File: 2.png Graphic file (type png)
 <use 2.png>

Package caption Warning: The option `hypcap=true' will be ignored for this
(caption)                particular \caption on input line 1603.
See the caption package documentation for explanation.

[52 <C:/Users/Kadir/Desktop/Formation Control/formation_control/latex/2_Gazebo.
png (PNG copy)> <C:/Users/Kadir/Desktop/Formation Control/formation_control/lat
ex/2.png (PNG copy)>]
Overfull \hbox (96.7154pt too wide) in paragraph at lines 1604--1612
 [] 
 []

<3_Gazebo.png, id=600, 1217.2978pt x 706.89093pt>
File: 3_Gazebo.png Graphic file (type png)
 <use 3_Gazebo.png>
<3.png, id=601, 1265.47781pt x 715.17188pt>
File: 3.png Graphic file (type png)
 <use 3.png>
Underfull \vbox (badness 10000) has occurred while \output is active []

 [53 <C:/Users/Kadir/Desktop/Formation Control/formation_control/latex/3_Gazebo
.png (PNG copy)>]

Package caption Warning: The option `hypcap=true' will be ignored for this
(caption)                particular \caption on input line 1627.
See the caption package documentation for explanation.


Overfull \hbox (96.7154pt too wide) in paragraph at lines 1628--1636
 [] 
 []

<4_Gazebo.png, id=608, 1211.27531pt x 706.89093pt>
File: 4_Gazebo.png Graphic file (type png)
 <use 4_Gazebo.png>
Underfull \vbox (badness 10000) has occurred while \output is active []

 [54 <C:/Users/Kadir/Desktop/Formation Control/formation_control/latex/3.png (P
NG copy)>]
<4.png, id=615, 1265.47781pt x 715.17188pt>
File: 4.png Graphic file (type png)
 <use 4.png>

Package caption Warning: The option `hypcap=true' will be ignored for this
(caption)                particular \caption on input line 1651.
See the caption package documentation for explanation.

[55 <C:/Users/Kadir/Desktop/Formation Control/formation_control/latex/4_Gazebo.
png (PNG copy)> <C:/Users/Kadir/Desktop/Formation Control/formation_control/lat
ex/4.png (PNG copy)>]
Overfull \hbox (96.7154pt too wide) in paragraph at lines 1652--1660
 [] 
 []

<multiple_formation.png, id=623, 1265.47781pt x 715.17188pt>
File: multiple_formation.png Graphic file (type png)

<use multiple_formation.png>

Package caption Warning: The option `hypcap=true' will be ignored for this
(caption)                particular \caption on input line 1672.
See the caption package documentation for explanation.

[56 <C:/Users/Kadir/Desktop/Formation Control/formation_control/latex/multiple_
formation.png>] <Kapaklar.png, id=632, 3363.56625pt x 2047.65pt>
File: Kapaklar.png Graphic file (type png)

<use Kapaklar.png> <Image_Processing.jpg, id=633, 496.85625pt x 446.41782pt>
File: Image_Processing.jpg Graphic file (type jpg)

<use Image_Processing.jpg>
Underfull \vbox (badness 2173) has occurred while \output is active []

 [57 <C:/Users/Kadir/Desktop/Formation Control/formation_control/latex/Kapaklar
.png (PNG copy)>] <Bearing_Angle.png, id=639, 1187.18532pt x 1111.90407pt>
File: Bearing_Angle.png Graphic file (type png)

<use Bearing_Angle.png> [58 <C:/Users/Kadir/Desktop/Formation Control/formation
_control/latex/Image_Processing.jpg> <C:/Users/Kadir/Desktop/Formation Control/
formation_control/latex/Bearing_Angle.png (PNG copy)>]
<sematik.png, id=646, 988.44281pt x 694.84593pt>
File: sematik.png Graphic file (type png)
 <use sematik.png>
<sematik-layout.png, id=647, 420.6114pt x 463.9734pt>
File: sematik-layout.png Graphic file (type png)
 <use sematik-layout.png>
Underfull \vbox (badness 7944) has occurred while \output is active []

 [59 <C:/Users/Kadir/Desktop/Formation Control/formation_control/latex/sematik.
png (PNG copy)>] <2_hardware.png, id=653, 892.08281pt x 434.37282pt>
File: 2_hardware.png Graphic file (type png)
 <use 2_hardware.png>
Underfull \vbox (badness 10000) has occurred while \output is active []

 [60 <C:/Users/Kadir/Desktop/Formation Control/formation_control/latex/sematik-
layout.png>] <2_real_hardware.png, id=660, 867.99281pt x 502.12593pt>
File: 2_real_hardware.png Graphic file (type png)

<use 2_real_hardware.png>

Package caption Warning: The option `hypcap=true' will be ignored for this
(caption)                particular \caption on input line 1765.
See the caption package documentation for explanation.

<4_hardware.png, id=661, 892.08281pt x 434.37282pt>
File: 4_hardware.png Graphic file (type png)
 <use 4_hardware.png>
Underfull \vbox (badness 10000) has occurred while \output is active []

 [61 <C:/Users/Kadir/Desktop/Formation Control/formation_control/latex/2_hardwa
re.png (PNG copy)> <C:/Users/Kadir/Desktop/Formation Control/formation_control/
latex/2_real_hardware.png (PNG copy)>]
<4_real_hardware.png, id=670, 688.82344pt x 560.0925pt>
File: 4_real_hardware.png Graphic file (type png)

<use 4_real_hardware.png>

Package caption Warning: The option `hypcap=true' will be ignored for this
(caption)                particular \caption on input line 1787.
See the caption package documentation for explanation.

<5_hardware.png, id=671, 892.08281pt x 434.37282pt>
File: 5_hardware.png Graphic file (type png)
 <use 5_hardware.png>
Underfull \vbox (badness 10000) has occurred while \output is active []

 [62 <C:/Users/Kadir/Desktop/Formation Control/formation_control/latex/4_hardwa
re.png (PNG copy)> <C:/Users/Kadir/Desktop/Formation Control/formation_control/
latex/4_real_hardware.png (PNG copy)>]
<5_real_hardware.png, id=679, 648.17157pt x 573.64313pt>
File: 5_real_hardware.png Graphic file (type png)

<use 5_real_hardware.png>

Package caption Warning: The option `hypcap=true' will be ignored for this
(caption)                particular \caption on input line 1810.
See the caption package documentation for explanation.

<6_hardware.png, id=680, 892.08281pt x 434.37282pt>
File: 6_hardware.png Graphic file (type png)
 <use 6_hardware.png>
Underfull \vbox (badness 10000) has occurred while \output is active []

 [63 <C:/Users/Kadir/Desktop/Formation Control/formation_control/latex/5_hardwa
re.png (PNG copy)> <C:/Users/Kadir/Desktop/Formation Control/formation_control/
latex/5_real_hardware.png (PNG copy)>]
<6_real_hardware.png, id=688, 821.31844pt x 520.94624pt>
File: 6_real_hardware.png Graphic file (type png)

<use 6_real_hardware.png>

Package caption Warning: The option `hypcap=true' will be ignored for this
(caption)                particular \caption on input line 1833.
See the caption package documentation for explanation.

<9_hardware.png, id=689, 892.08281pt x 434.37282pt>
File: 9_hardware.png Graphic file (type png)
 <use 9_hardware.png>
Underfull \vbox (badness 10000) has occurred while \output is active []

 [64 <C:/Users/Kadir/Desktop/Formation Control/formation_control/latex/6_hardwa
re.png (PNG copy)> <C:/Users/Kadir/Desktop/Formation Control/formation_control/
latex/6_real_hardware.png (PNG copy)>]
<9_real_hardware.png, id=697, 866.48718pt x 624.08156pt>
File: 9_real_hardware.png Graphic file (type png)

<use 9_real_hardware.png>

Package caption Warning: The option `hypcap=true' will be ignored for this
(caption)                particular \caption on input line 1857.
See the caption package documentation for explanation.


Underfull \vbox (badness 10000) has occurred while \output is active []

 [65 <C:/Users/Kadir/Desktop/Formation Control/formation_control/latex/9_hardwa
re.png (PNG copy)> <C:/Users/Kadir/Desktop/Formation Control/formation_control/
latex/9_real_hardware.png (PNG copy)>] [66] [67] [68]
Package atveryend Info: Empty hook `BeforeClearDocument' on input line 1948.
 [69]
Package atveryend Info: Empty hook `AfterLastShipout' on input line 1948.

("C:\Users\Kadir\Desktop\Formation Control\formation_control\latex\Bitirme.aux"
)
Package atveryend Info: Executing hook `AtVeryEndDocument' on input line 1948.
Package rerunfilecheck Info: File `Bitirme.out' has not changed.
(rerunfilecheck)             Checksum: 53D3247B1E42C58A1DEA7AC90669D43A;2935.


LaTeX Warning: There were multiply-defined labels.

 ) 
Here is how much of TeX's memory you used:
 14007 strings out of 494019
 212455 string characters out of 3143882
 451947 words of memory out of 3000000
 16346 multiletter control sequences out of 15000+200000
 82064 words of font info for 342 fonts, out of 3000000 for 9000
 714 hyphenation exceptions out of 8191
 53i,15n,92p,2613b,509s stack positions out of 5000i,500n,10000p,200000b,50000s
{C:/Program Files (x86)/MiKTeX 2.9/fonts/enc/dvips/fontname/8r.enc}<C:/Progra
m Files (x86)/MiKTeX 2.9/fonts/type1/public/amsfonts/cm/cmex10.pfb><C:/Program 
Files (x86)/MiKTeX 2.9/fonts/type1/public/amsfonts/cm/cmmi10.pfb><C:/Program Fi
les (x86)/MiKTeX 2.9/fonts/type1/public/amsfonts/cm/cmr10.pfb><C:/Program Files
 (x86)/MiKTeX 2.9/fonts/type1/public/amsfonts/cm/cmsy10.pfb><C:/Program Files (
x86)/MiKTeX 2.9/fonts/type1/public/mathpazo/fplmbb.pfb><C:/Program Files (x86)/
MiKTeX 2.9/fonts/type1/public/mathpazo/fplmr.pfb><C:/Program Files (x86)/MiKTeX
 2.9/fonts/type1/public/mathpazo/fplmri.pfb><C:/Program Files (x86)/MiKTeX 2.9/
fonts/type1/public/fpl/fplrc8a.pfb><C:/Program Files (x86)/MiKTeX 2.9/fonts/typ
e1/urw/palatino/uplb8a.pfb><C:/Program Files (x86)/MiKTeX 2.9/fonts/type1/urw/p
alatino/uplr8a.pfb><C:/Program Files (x86)/MiKTeX 2.9/fonts/type1/urw/palatino/
uplri8a.pfb>
Output written on Bitirme.pdf (69 pages, 36205685 bytes).
PDF statistics:
 831 PDF objects out of 1000 (max. 8388607)
 307 named destinations out of 1000 (max. 500000)
 60517 words of extra memory for PDF output out of 61914 (max. 10000000)

