\BOOKMARK [0][-]{Doc-Start}{ABSTRACT}{}% 1
\BOOKMARK [0][-]{chapter*.1}{\326Z}{}% 2
\BOOKMARK [0][-]{chapter*.3}{ACKNOWLEDGMENTS}{}% 3
\BOOKMARK [0][-]{chapter*.4}{TABLE OF CONTENTS}{}% 4
\BOOKMARK [0][-]{chapter*.5}{LIST OF TABLES}{}% 5
\BOOKMARK [0][-]{chapter*.6}{LIST OF FIGURES}{}% 6
\BOOKMARK [0][-]{chapter*.7}{LIST OF ABBREVIATIONS}{}% 7
\BOOKMARK [0][-]{chapter.1}{INTRODUCTION}{}% 8
\BOOKMARK [1][-]{section.1.1}{Problem Definition}{chapter.1}% 9
\BOOKMARK [1][-]{section.1.2}{Motivation}{chapter.1}% 10
\BOOKMARK [1][-]{section.1.3}{Objectives}{chapter.1}% 11
\BOOKMARK [2][-]{subsection.1.3.1}{Heterogenous Robots with Different Dynamics}{section.1.3}% 12
\BOOKMARK [2][-]{subsection.1.3.2}{Communication Infrastructure}{section.1.3}% 13
\BOOKMARK [2][-]{subsection.1.3.3}{ Decentralized Decision Making Process}{section.1.3}% 14
\BOOKMARK [2][-]{subsection.1.3.4}{Complex Closed Contours}{section.1.3}% 15
\BOOKMARK [2][-]{subsection.1.3.5}{Simple Agents with Low Sensor Capabilities and Low Computing Powers}{section.1.3}% 16
\BOOKMARK [1][-]{section.1.4}{Goals}{chapter.1}% 17
\BOOKMARK [1][-]{section.1.5}{Methodology}{chapter.1}% 18
\BOOKMARK [1][-]{section.1.6}{Contribution of Thesis}{chapter.1}% 19
\BOOKMARK [1][-]{section.1.7}{Outline of the Thesis}{chapter.1}% 20
\BOOKMARK [0][-]{chapter.2}{Next Chapter}{}% 21
\BOOKMARK [0][-]{chapter*.8}{REFERENCES}{}% 22
\BOOKMARK [0][-]{chapter*.8}{APPENDICES}{}% 23
\BOOKMARK [0][-]{appendix.A}{Appendix Name}{}% 24
\BOOKMARK [0][-]{appendix*.9}{CURRICULUM VITAE}{}% 25
